1624995341064	geckodriver	INFO	Listening on 127.0.0.1:51253
1624995415942	geckodriver	INFO	Listening on 127.0.0.1:59528
1624995424716	mozrunner::runner	INFO	Running command: "C:\\Program Files\\Mozilla Firefox\\firefox.exe" "--marionette" "-foreground" "-no-remote" "-profile" "C:\\Users\\thede\\AppData\\Local\\Temp\\rust_mozprofilejyMkHh"
1624995425110	Marionette	INFO	Marionette enabled
console.log: WebExtensions: reset-default-search: starting.
console.log: WebExtensions: reset-default-search: has already ran once and saw panel, exit.
1624995427076	Marionette	INFO	Listening on port 60482
console.log: WebExtensions: reset-default-search: starting.
console.log: WebExtensions: reset-default-search: has already ran once and saw panel, exit.
1624995427429	Marionette	WARN	TLS certificate errors will be ignored for this session
JavaScript error: https://wax.bloks.io/js/chunk-vendors.aeb88ff6.js, line 38: NavigationDuplicated: Avoided redundant navigation to current location: "/account/atomicmarket".
JavaScript error: resource://gre/modules/XULStore.jsm, line 66: Error: Can't find profile directory.
JavaScript error: resource://gre/modules/XULStore.jsm, line 66: Error: Can't find profile directory.
JavaScript error: , line 0: TypeError: NetworkError when attempting to fetch resource.

###!!! [Child][RunMessage] Error: Channel closing: too late to send/recv, messages will be lost


###!!! [Child][MessageChannel] Error: (msgtype=0x390141,name=PContent::Msg_ScriptError) Channel closing: too late to send/recv, messages will be lost


###!!! [Child][MessageChannel] Error: (msgtype=0xAB0006,name=PWebSocket::Msg_DeleteSelf) Channel closing: too late to send/recv, messages will be lost

1624995459418	Marionette	INFO	Stopped listening on port 60482

###!!! [Child][RunMessage] Error: Channel closing: too late to send/recv, messages will be lost

1624995524127	geckodriver	INFO	Listening on 127.0.0.1:64411
1624995532984	mozrunner::runner	INFO	Running command: "C:\\Program Files\\Mozilla Firefox\\firefox.exe" "--marionette" "-foreground" "-no-remote" "-profile" "C:\\Users\\thede\\AppData\\Local\\Temp\\rust_mozprofilercLbtP"
1624995533357	Marionette	INFO	Marionette enabled
console.log: WebExtensions: reset-default-search: starting.
console.log: WebExtensions: reset-default-search: has already ran once and saw panel, exit.
1624995535188	Marionette	INFO	Listening on port 55915
console.log: WebExtensions: reset-default-search: starting.
console.log: WebExtensions: reset-default-search: has already ran once and saw panel, exit.
1624995535674	Marionette	WARN	TLS certificate errors will be ignored for this session
JavaScript error: https://wax.bloks.io/js/chunk-vendors.aeb88ff6.js, line 38: NavigationDuplicated: Avoided redundant navigation to current location: "/account/atomicmarket".
JavaScript error: resource://gre/modules/XULStore.jsm, line 66: Error: Can't find profile directory.
JavaScript error: resource://gre/modules/XULStore.jsm, line 66: Error: Can't find profile directory.
JavaScript error: , line 0: TypeError: NetworkError when attempting to fetch resource.
console.warn: LoginRecipes: "getRecipes: falling back to a synchronous message for:" "https://wax.bloks.io"
console.warn: LoginRecipes: "getRecipes: falling back to a synchronous message for:" "https://wax.bloks.io"
console.warn: LoginRecipes: "getRecipes: falling back to a synchronous message for:" "https://wax.bloks.io"
console.warn: LoginRecipes: "getRecipes: falling back to a synchronous message for:" "https://wax.bloks.io"
1624996031977	Marionette	INFO	Stopped listening on port 55915
1624996040740	geckodriver	INFO	Listening on 127.0.0.1:56454
1624996049432	mozrunner::runner	INFO	Running command: "C:\\Program Files\\Mozilla Firefox\\firefox.exe" "--marionette" "-foreground" "-no-remote" "-profile" "C:\\Users\\thede\\AppData\\Local\\Temp\\rust_mozprofileb1Ko5W"
1624996049826	Marionette	INFO	Marionette enabled
console.log: WebExtensions: reset-default-search: starting.
console.log: WebExtensions: reset-default-search: has already ran once and saw panel, exit.
1624996051807	Marionette	INFO	Listening on port 56769
1624996052144	Marionette	WARN	TLS certificate errors will be ignored for this session
console.log: WebExtensions: reset-default-search: starting.
console.log: WebExtensions: reset-default-search: has already ran once and saw panel, exit.
JavaScript error: https://wax.bloks.io/js/chunk-vendors.aeb88ff6.js, line 38: NavigationDuplicated: Avoided redundant navigation to current location: "/account/atomicmarket".
JavaScript error: resource://gre/modules/XULStore.jsm, line 66: Error: Can't find profile directory.
JavaScript error: resource://gre/modules/XULStore.jsm, line 66: Error: Can't find profile directory.
JavaScript error: , line 0: TypeError: NetworkError when attempting to fetch resource.
JavaScript warning: https://wax.bloks.io/js/signing.afd30330.js, line 0: Successfully compiled asm.js code (total compilation time 2ms)
JavaScript warning: https://wax.bloks.io/js/signing.afd30330.js, line 0: Successfully compiled asm.js code (total compilation time 13ms)
JavaScript warning: https://wax.bloks.io/js/signing.afd30330.js, line 0: Successfully compiled asm.js code (total compilation time 5ms)
JavaScript warning: https://wax.bloks.io/js/signing.afd30330.js, line 0: Successfully compiled asm.js code (total compilation time 56ms)
JavaScript warning: https://wax.bloks.io/js/signing.afd30330.js, line 0: Successfully compiled asm.js code (total compilation time 526ms)
JavaScript error: https://wax.bloks.io/js/signing.afd30330.js, line 13: Error: Login Endpoint Error 422 Unprocessable Entity

###!!! [Child][RunMessage] Error: Channel closing: too late to send/recv, messages will be lost


###!!! [Child][RunMessage] Error: Channel closing: too late to send/recv, messages will be lost

1624996238539	Marionette	INFO	Stopped listening on port 56769
1624996240578	geckodriver	INFO	Listening on 127.0.0.1:58223
1624996249225	mozrunner::runner	INFO	Running command: "C:\\Program Files\\Mozilla Firefox\\firefox.exe" "--marionette" "-foreground" "-no-remote" "-profile" "C:\\Users\\thede\\AppData\\Local\\Temp\\rust_mozprofileMyhqqU"
1624996249618	Marionette	INFO	Marionette enabled
console.log: WebExtensions: reset-default-search: starting.
console.log: WebExtensions: reset-default-search: has already ran once and saw panel, exit.
1624996251581	Marionette	INFO	Listening on port 65211
1624996251927	Marionette	WARN	TLS certificate errors will be ignored for this session
console.log: WebExtensions: reset-default-search: starting.
console.log: WebExtensions: reset-default-search: has already ran once and saw panel, exit.
JavaScript error: https://wax.bloks.io/js/chunk-vendors.aeb88ff6.js, line 38: NavigationDuplicated: Avoided redundant navigation to current location: "/account/atomicmarket".
JavaScript error: resource://gre/modules/XULStore.jsm, line 66: Error: Can't find profile directory.
JavaScript error: resource://gre/modules/XULStore.jsm, line 66: Error: Can't find profile directory.
JavaScript error: , line 0: TypeError: NetworkError when attempting to fetch resource.
JavaScript error: resource://gre/modules/CrashManager.jsm, line 829: AbortError: IOUtils: Shutting down and refusing additional I/O tasks

###!!! [Child][MessageChannel] Error: (msgtype=0x390141,name=PContent::Msg_ScriptError) Channel closing: too late to send/recv, messages will be lost


###!!! [Child][MessageChannel] Error: (msgtype=0xAB0006,name=PWebSocket::Msg_DeleteSelf) Channel closing: too late to send/recv, messages will be lost


###!!! [Child][RunMessage] Error: Channel closing: too late to send/recv, messages will be lost

1624996306911	Marionette	INFO	Stopped listening on port 65211
1624996311798	geckodriver	INFO	Listening on 127.0.0.1:54195
1624996320425	mozrunner::runner	INFO	Running command: "C:\\Program Files\\Mozilla Firefox\\firefox.exe" "--marionette" "-foreground" "-no-remote" "-profile" "C:\\Users\\thede\\AppData\\Local\\Temp\\rust_mozprofile3SmGKR"
1624996320864	Marionette	INFO	Marionette enabled
console.log: WebExtensions: reset-default-search: starting.
console.log: WebExtensions: reset-default-search: has already ran once and saw panel, exit.
1624996322783	Marionette	INFO	Listening on port 61230
console.log: WebExtensions: reset-default-search: starting.
console.log: WebExtensions: reset-default-search: has already ran once and saw panel, exit.
1624996323146	Marionette	WARN	TLS certificate errors will be ignored for this session
JavaScript error: https://wax.bloks.io/js/chunk-vendors.aeb88ff6.js, line 38: NavigationDuplicated: Avoided redundant navigation to current location: "/account/atomicmarket".
JavaScript error: resource://gre/modules/XULStore.jsm, line 66: Error: Can't find profile directory.
JavaScript error: resource://gre/modules/XULStore.jsm, line 66: Error: Can't find profile directory.
JavaScript error: , line 0: TypeError: NetworkError when attempting to fetch resource.
JavaScript warning: https://wax.bloks.io/js/signing.afd30330.js, line 0: Successfully compiled asm.js code (total compilation time 2ms)
JavaScript warning: https://wax.bloks.io/js/signing.afd30330.js, line 0: Successfully compiled asm.js code (total compilation time 11ms)
JavaScript warning: https://wax.bloks.io/js/signing.afd30330.js, line 0: Successfully compiled asm.js code (total compilation time 5ms)
JavaScript warning: https://wax.bloks.io/js/signing.afd30330.js, line 0: Successfully compiled asm.js code (total compilation time 47ms)
JavaScript warning: https://wax.bloks.io/js/signing.afd30330.js, line 0: Successfully compiled asm.js code (total compilation time 471ms)
JavaScript error: https://wax.bloks.io/js/signing.afd30330.js, line 13: Error: Login Endpoint Error 422 Unprocessable Entity

###!!! [Child][RunMessage] Error: Channel closing: too late to send/recv, messages will be lost


###!!! [Child][MessageChannel] Error: (msgtype=0x5A0005,name=PHttpChannel::Msg_Redirect2Verify) Channel closing: too late to send/recv, messages will be lost

*** UTM:SVC TimerManager:registerTimer called after profile-before-change notification. Ignoring timer registration for id: telemetry_modules_ping
*** UTM:SVC TimerManager:registerTimer called after profile-before-change notification. Ignoring timer registration for id: telemetry_untrustedmodules_ping

###!!! [Child][RunMessage] Error: Channel closing: too late to send/recv, messages will be lost

1624996381471	Marionette	INFO	Stopped listening on port 61230
1624996383758	geckodriver	INFO	Listening on 127.0.0.1:56581
1624996392093	mozrunner::runner	INFO	Running command: "C:\\Program Files\\Mozilla Firefox\\firefox.exe" "--marionette" "-foreground" "-no-remote" "-profile" "C:\\Users\\thede\\AppData\\Local\\Temp\\rust_mozprofileu0E6N7"
1624996392459	Marionette	INFO	Marionette enabled
console.log: WebExtensions: reset-default-search: starting.
console.log: WebExtensions: reset-default-search: has already ran once and saw panel, exit.
1624996394369	Marionette	INFO	Listening on port 62511
console.log: WebExtensions: reset-default-search: starting.
console.log: WebExtensions: reset-default-search: has already ran once and saw panel, exit.
1624996394794	Marionette	WARN	TLS certificate errors will be ignored for this session
JavaScript error: https://wax.bloks.io/js/chunk-vendors.aeb88ff6.js, line 38: Error: Navigation cancelled from "/" to "/account/atomicmarket" with a new navigation.
JavaScript error: resource://gre/modules/XULStore.jsm, line 66: Error: Can't find profile directory.
JavaScript error: resource://gre/modules/XULStore.jsm, line 66: Error: Can't find profile directory.
JavaScript error: , line 0: TypeError: NetworkError when attempting to fetch resource.
JavaScript warning: https://wax.bloks.io/js/signing.afd30330.js, line 0: Successfully compiled asm.js code (total compilation time 2ms)
JavaScript warning: https://wax.bloks.io/js/signing.afd30330.js, line 0: Successfully compiled asm.js code (total compilation time 10ms)
JavaScript warning: https://wax.bloks.io/js/signing.afd30330.js, line 0: Successfully compiled asm.js code (total compilation time 5ms)
JavaScript warning: https://wax.bloks.io/js/signing.afd30330.js, line 0: Successfully compiled asm.js code (total compilation time 49ms)
JavaScript warning: https://wax.bloks.io/js/signing.afd30330.js, line 0: Successfully compiled asm.js code (total compilation time 507ms)
JavaScript error: https://wax.bloks.io/js/signing.afd30330.js, line 13: Error: Login Endpoint Error 422 Unprocessable Entity
1624996465356	Marionette	INFO	Stopped listening on port 62511

###!!! [Child][RunMessage] Error: Channel closing: too late to send/recv, messages will be lost

1624996490525	geckodriver	INFO	Listening on 127.0.0.1:59656
1624996499087	mozrunner::runner	INFO	Running command: "C:\\Program Files\\Mozilla Firefox\\firefox.exe" "--marionette" "-foreground" "-no-remote" "-profile" "C:\\Users\\thede\\AppData\\Local\\Temp\\rust_mozprofile1WKq2D"
1624996499434	Marionette	INFO	Marionette enabled
console.log: WebExtensions: reset-default-search: starting.
console.log: WebExtensions: reset-default-search: has already ran once and saw panel, exit.
1624996501188	Marionette	INFO	Listening on port 50055
1624996501285	Marionette	WARN	TLS certificate errors will be ignored for this session
console.log: WebExtensions: reset-default-search: starting.
console.log: WebExtensions: reset-default-search: has already ran once and saw panel, exit.
JavaScript error: https://wax.bloks.io/js/chunk-vendors.aeb88ff6.js, line 38: NavigationDuplicated: Avoided redundant navigation to current location: "/account/atomicmarket".
JavaScript error: resource://gre/modules/XULStore.jsm, line 66: Error: Can't find profile directory.
JavaScript error: resource://gre/modules/XULStore.jsm, line 66: Error: Can't find profile directory.
JavaScript error: , line 0: TypeError: NetworkError when attempting to fetch resource.
JavaScript warning: https://wax.bloks.io/js/signing.afd30330.js, line 0: Successfully compiled asm.js code (total compilation time 1ms)
JavaScript warning: https://wax.bloks.io/js/signing.afd30330.js, line 0: Successfully compiled asm.js code (total compilation time 9ms)
JavaScript warning: https://wax.bloks.io/js/signing.afd30330.js, line 0: Successfully compiled asm.js code (total compilation time 5ms)
JavaScript warning: https://wax.bloks.io/js/signing.afd30330.js, line 0: Successfully compiled asm.js code (total compilation time 45ms)
JavaScript warning: https://wax.bloks.io/js/signing.afd30330.js, line 0: Successfully compiled asm.js code (total compilation time 503ms)
JavaScript error: https://wax.bloks.io/js/signing.afd30330.js, line 13: Error: Login Endpoint Error 422 Unprocessable Entity

###!!! [Child][MessageChannel] Error: (msgtype=0x5A0009,name=PHttpChannel::Msg_DeletingChannel) Channel closing: too late to send/recv, messages will be lost


###!!! [Child][RunMessage] Error: Channel closing: too late to send/recv, messages will be lost


###!!! [Child][RunMessage] Error: Channel closing: too late to send/recv, messages will be lost


###!!! [Child][RunMessage] Error: Channel closing: too late to send/recv, messages will be lost

1624996569122	Marionette	INFO	Stopped listening on port 50055
1624996583350	geckodriver	INFO	Listening on 127.0.0.1:51574
1624996591707	mozrunner::runner	INFO	Running command: "C:\\Program Files\\Mozilla Firefox\\firefox.exe" "--marionette" "-headless" "-foreground" "-no-remote" "-profile" "C:\\Users\\thede\\AppData\\Local\\Temp\\rust_mozprofilegRsn3a"
*** You are running in headless mode.
1624996591993	Marionette	INFO	Marionette enabled
console.log: WebExtensions: reset-default-search: starting.
console.log: WebExtensions: reset-default-search: has already ran once and saw panel, exit.
1624996593473	Marionette	INFO	Listening on port 53247
console.log: WebExtensions: reset-default-search: starting.
console.log: WebExtensions: reset-default-search: has already ran once and saw panel, exit.
1624996593794	Marionette	WARN	TLS certificate errors will be ignored for this session
JavaScript error: https://wax.bloks.io/js/chunk-vendors.aeb88ff6.js, line 38: NavigationDuplicated: Avoided redundant navigation to current location: "/account/atomicmarket".
JavaScript error: resource://gre/modules/XULStore.jsm, line 66: Error: Can't find profile directory.
JavaScript error: resource://gre/modules/XULStore.jsm, line 66: Error: Can't find profile directory.
JavaScript error: , line 0: TypeError: NetworkError when attempting to fetch resource.
JavaScript warning: https://pagead2.googlesyndication.com/bg/XJNuD862gf4f0nvPPAbjPwJNpey2j9-BZmGDGqAPjUA.js line 1 > eval line 3752 > eval line 1 > eval, line 1: Failed to create WebGL context: WebGL creation failed: 
* Can't use WebGL in headless mode (https://bugzil.la/1375585). ()
JavaScript warning: https://wax.bloks.io/js/signing.afd30330.js, line 0: Successfully compiled asm.js code (total compilation time 2ms)
JavaScript warning: https://wax.bloks.io/js/signing.afd30330.js, line 0: Successfully compiled asm.js code (total compilation time 9ms)
JavaScript warning: https://wax.bloks.io/js/signing.afd30330.js, line 0: Successfully compiled asm.js code (total compilation time 4ms)
JavaScript warning: https://wax.bloks.io/js/signing.afd30330.js, line 0: Successfully compiled asm.js code (total compilation time 41ms)
JavaScript warning: https://wax.bloks.io/js/signing.afd30330.js, line 0: Successfully compiled asm.js code (total compilation time 522ms)
JavaScript error: https://wax.bloks.io/js/signing.afd30330.js, line 13: Error: Login Endpoint Error 422 Unprocessable Entity
Exiting due to channel error.
Listening on 127.0.0.1:56045
1624997331550	mozrunner::runner	INFO	Running command: "C:\\Program Files\\Mozilla Firefox\\firefox.exe" "--marionette" "-foreground" "-no-remote" "-profile" "C:\\Users\\thede\\AppData\\Local\\Temp\\rust_mozprofile8a26bc"
1624997332044	Marionette	INFO	Marionette enabled
console.log: WebExtensions: reset-default-search: starting.
console.log: WebExtensions: reset-default-search: has already ran once and saw panel, exit.
1624997333976	Marionette	INFO	Listening on port 65320
1624997334264	Marionette	WARN	TLS certificate errors will be ignored for this session
console.log: WebExtensions: reset-default-search: starting.
console.log: WebExtensions: reset-default-search: has already ran once and saw panel, exit.
JavaScript error: https://wax.bloks.io/js/chunk-vendors.aeb88ff6.js, line 38: NavigationDuplicated: Avoided redundant navigation to current location: "/account/atomicmarket".
JavaScript error: resource://gre/modules/XULStore.jsm, line 66: Error: Can't find profile directory.
JavaScript error: resource://gre/modules/XULStore.jsm, line 66: Error: Can't find profile directory.
JavaScript error: , line 0: TypeError: NetworkError when attempting to fetch resource.
JavaScript warning: https://wax.bloks.io/js/signing.afd30330.js, line 0: Successfully compiled asm.js code (total compilation time 1ms)
JavaScript warning: https://wax.bloks.io/js/signing.afd30330.js, line 0: Successfully compiled asm.js code (total compilation time 13ms)
JavaScript warning: https://wax.bloks.io/js/signing.afd30330.js, line 0: Successfully compiled asm.js code (total compilation time 4ms)
JavaScript warning: https://wax.bloks.io/js/signing.afd30330.js, line 0: Successfully compiled asm.js code (total compilation time 49ms)
JavaScript warning: https://wax.bloks.io/js/signing.afd30330.js, line 0: Successfully compiled asm.js code (total compilation time 624ms)
JavaScript error: https://wax.bloks.io/js/signing.afd30330.js, line 13: Error: Login Endpoint Error 422 Unprocessable Entity
console.warn: LoginRecipes: "getRecipes: falling back to a synchronous message for:" "https://wax.bloks.io"
console.warn: LoginRecipes: "getRecipes: falling back to a synchronous message for:" "https://wax.bloks.io"
console.warn: LoginRecipes: "getRecipes: falling back to a synchronous message for:" "https://wax.bloks.io"
console.warn: LoginRecipes: "getRecipes: falling back to a synchronous message for:" "https://wax.bloks.io"
console.warn: LoginRecipes: "getRecipes: falling back to a synchronous message for:" "https://wax.bloks.io"
console.warn: LoginRecipes: "getRecipes: falling back to a synchronous message for:" "https://wax.bloks.io"
1624997714863	Marionette	INFO	Stopped listening on port 65320
1624997775078	geckodriver	INFO	Listening on 127.0.0.1:54802
1624997783434	mozrunner::runner	INFO	Running command: "C:\\Program Files\\Mozilla Firefox\\firefox.exe" "--marionette" "-foreground" "-no-remote" "-profile" "C:\\Users\\thede\\AppData\\Local\\Temp\\rust_mozprofileHZVmi5"
1624997783797	Marionette	INFO	Marionette enabled
console.log: WebExtensions: reset-default-search: starting.
console.log: WebExtensions: reset-default-search: has already ran once and saw panel, exit.
1624997785691	Marionette	INFO	Listening on port 64165
console.log: WebExtensions: reset-default-search: starting.
console.log: WebExtensions: reset-default-search: has already ran once and saw panel, exit.
1624997786110	Marionette	WARN	TLS certificate errors will be ignored for this session
JavaScript error: https://wax.bloks.io/js/chunk-vendors.aeb88ff6.js, line 38: NavigationDuplicated: Avoided redundant navigation to current location: "/account/atomicmarket".
JavaScript error: resource://gre/modules/XULStore.jsm, line 66: Error: Can't find profile directory.
JavaScript error: resource://gre/modules/XULStore.jsm, line 66: Error: Can't find profile directory.
JavaScript error: , line 0: TypeError: NetworkError when attempting to fetch resource.
JavaScript warning: https://wax.bloks.io/js/signing.afd30330.js, line 0: Successfully compiled asm.js code (total compilation time 1ms)
JavaScript warning: https://wax.bloks.io/js/signing.afd30330.js, line 0: Successfully compiled asm.js code (total compilation time 12ms)
JavaScript warning: https://wax.bloks.io/js/signing.afd30330.js, line 0: Successfully compiled asm.js code (total compilation time 3ms)
JavaScript warning: https://wax.bloks.io/js/signing.afd30330.js, line 0: Successfully compiled asm.js code (total compilation time 45ms)
JavaScript warning: https://wax.bloks.io/js/signing.afd30330.js, line 0: Successfully compiled asm.js code (total compilation time 477ms)
JavaScript error: https://wax.bloks.io/js/signing.afd30330.js, line 13: Error: Login Endpoint Error 422 Unprocessable Entity

###!!! [Child][MessageChannel] Error: (msgtype=0x5A0009,name=PHttpChannel::Msg_DeletingChannel) Channel closing: too late to send/recv, messages will be lost

1624997848581	Marionette	INFO	Stopped listening on port 64165

###!!! [Child][RunMessage] Error: Channel closing: too late to send/recv, messages will be lost

ed
console.log: WebExtensions: reset-default-search: starting.
console.log: WebExtensions: reset-default-search: has already ran once and saw panel, exit.
1624997816434	Marionette	INFO	Listening on port 60713
[Parent 1472, IPC I/O Parent] WARNING: file /builds/worker/checkouts/gecko/ipc/chromium/src/base/process_util_win.cc:167
1624997816916	Marionette	WARN	TLS certificate errors will be ignored for this session
console.log: WebExtensions: reset-default-search: starting.
console.log: WebExtensions: reset-default-search: has already ran once and saw panel, exit.
1624997847653	Marionette	INFO	Stopped listening on port 60713
1624997855976	geckodriver	INFO	Listening on 127.0.0.1:56078
1624997864317	mozrunner::runner	INFO	Running command: "C:\\Program Files\\Mozilla Firefox\\firefox.exe" "--marionette" "-headless" "-foreground" "-no-remote" "-profile" "C:\\Users\\thede\\AppData\\Local\\Temp\\rust_mozprofileht7Zew"
*** You are running in headless mode.
1624997864611	Marionette	INFO	Marionette enabled
console.log: WebExtensions: reset-default-search: starting.
console.log: WebExtensions: reset-default-search: has already ran once and saw panel, exit.
1624997866109	Marionette	INFO	Listening on port 50372
console.log: WebExtensions: reset-default-search: starting.
console.log: WebExtensions: reset-default-search: has already ran once and saw panel, exit.
1624997866407	Marionette	WARN	TLS certificate errors will be ignored for this session
JavaScript error: https://wax.bloks.io/js/chunk-vendors.aeb88ff6.js, line 38: NavigationDuplicated: Avoided redundant navigation to current location: "/account/atomicmarket".
JavaScript error: resource://gre/modules/XULStore.jsm, line 66: Error: Can't find profile directory.
JavaScript error: resource://gre/modules/XULStore.jsm, line 66: Error: Can't find profile directory.
JavaScript error: , line 0: TypeError: NetworkError when attempting to fetch resource.
JavaScript warning: https://pagead2.googlesyndication.com/bg/XJNuD862gf4f0nvPPAbjPwJNpey2j9-BZmGDGqAPjUA.js line 1 > eval line 2772 > eval line 1 > eval, line 1: Failed to create WebGL context: WebGL creation failed: 
* Can't use WebGL in headless mode (https://bugzil.la/1375585). ()
JavaScript warning: https://wax.bloks.io/js/signing.afd30330.js, line 0: Successfully compiled asm.js code (total compilation time 2ms)
JavaScript warning: https://wax.bloks.io/js/signing.afd30330.js, line 0: Successfully compiled asm.js code (total compilation time 10ms)
JavaScript warning: https://wax.bloks.io/js/signing.afd30330.js, line 0: Successfully compiled asm.js code (total compilation time 4ms)
JavaScript warning: https://wax.bloks.io/js/signing.afd30330.js, line 0: Successfully compiled asm.js code (total compilation time 47ms)
JavaScript warning: https://wax.bloks.io/js/signing.afd30330.js, line 0: Successfully compiled asm.js code (total compilation time 495ms)
JavaScript error: https://wax.bloks.io/js/signing.afd30330.js, line 13: Error: Login Endpoint Error 422 Unprocessable Entity
Exiting due to channel error.
Listening on 127.0.0.1:49834
1624997894322	mozrunner::runner	INFO	Running command: "C:\\Program Files\\Mozilla Firefox\\firefox.exe" "--marionette" "-foreground" "-no-remote" "-profile" "C:\\Users\\thede\\AppData\\Local\\Temp\\rust_mozprofilejMy3ky"
1624997894662	Marionette	INFO	Marionette enabled
console.log: WebExtensions: reset-default-search: starting.
console.log: WebExtensions: reset-default-search: has already ran once and saw panel, exit.
1624997896654	Marionette	INFO	Listening on port 64634
console.log: WebExtensions: reset-default-search: starting.
console.log: WebExtensions: reset-default-search: has already ran once and saw panel, exit.
1624997897029	Marionette	WARN	TLS certificate errors will be ignored for this session
JavaScript error: https://wax.bloks.io/js/chunk-vendors.aeb88ff6.js, line 38: NavigationDuplicated: Avoided redundant navigation to current location: "/account/atomicmarket".
JavaScript error: resource://gre/modules/XULStore.jsm, line 66: Error: Can't find profile directory.
JavaScript error: resource://gre/modules/XULStore.jsm, line 66: Error: Can't find profile directory.
JavaScript error: , line 0: TypeError: NetworkError when attempting to fetch resource.
JavaScript warning: https://wax.bloks.io/js/signing.afd30330.js, line 0: Successfully compiled asm.js code (total compilation time 1ms)
JavaScript warning: https://wax.bloks.io/js/signing.afd30330.js, line 0: Successfully compiled asm.js code (total compilation time 12ms)
JavaScript warning: https://wax.bloks.io/js/signing.afd30330.js, line 0: Successfully compiled asm.js code (total compilation time 3ms)
JavaScript warning: https://wax.bloks.io/js/signing.afd30330.js, line 0: Successfully compiled asm.js code (total compilation time 47ms)
JavaScript warning: https://wax.bloks.io/js/signing.afd30330.js, line 0: Successfully compiled asm.js code (total compilation time 526ms)
JavaScript error: https://wax.bloks.io/js/signing.afd30330.js, line 13: Error: Login Endpoint Error 422 Unprocessable Entity
[Child 11572, IPC I/O Child] WARNING: pipe error: 232: file /builds/worker/checkouts/gecko/ipc/chromium/src/chrome/common/ipc_channel_win.cc:544

###!!! [Child][RunMessage] Error: Channel closing: too late to send/recv, messages will be lost

1624997946886	Marionette	INFO	Stopped listening on port 64634
1624998000532	geckodriver	INFO	Listening on 127.0.0.1:53146
1624998008952	mozrunner::runner	INFO	Running command: "C:\\Program Files\\Mozilla Firefox\\firefox.exe" "--marionette" "-headless" "-foreground" "-no-remote" "-profile" "C:\\Users\\thede\\AppData\\Local\\Temp\\rust_mozprofilehwHKFZ"
*** You are running in headless mode.
1624998009451	Marionette	INFO	Marionette enabled
console.log: WebExtensions: reset-default-search: starting.
console.log: WebExtensions: reset-default-search: has already ran once and saw panel, exit.
1624998011105	Marionette	INFO	Listening on port 58535
1624998011154	Marionette	WARN	TLS certificate errors will be ignored for this session
console.log: WebExtensions: reset-default-search: starting.
console.log: WebExtensions: reset-default-search: has already ran once and saw panel, exit.
JavaScript error: https://wax.bloks.io/js/chunk-vendors.aeb88ff6.js, line 38: NavigationDuplicated: Avoided redundant navigation to current location: "/account/atomicmarket".
JavaScript error: resource://gre/modules/XULStore.jsm, line 66: Error: Can't find profile directory.
JavaScript error: resource://gre/modules/XULStore.jsm, line 66: Error: Can't find profile directory.
JavaScript error: , line 0: TypeError: NetworkError when attempting to fetch resource.
JavaScript warning: https://pagead2.googlesyndication.com/bg/XJNuD862gf4f0nvPPAbjPwJNpey2j9-BZmGDGqAPjUA.js line 1 > eval line 3587 > eval, line 1: Failed to create WebGL context: WebGL creation failed: 
* Can't use WebGL in headless mode (https://bugzil.la/1375585). ()
JavaScript warning: https://wax.bloks.io/js/signing.afd30330.js, line 0: Successfully compiled asm.js code (total compilation time 2ms)
JavaScript warning: https://wax.bloks.io/js/signing.afd30330.js, line 0: Successfully compiled asm.js code (total compilation time 10ms)
JavaScript warning: https://wax.bloks.io/js/signing.afd30330.js, line 0: Successfully compiled asm.js code (total compilation time 6ms)
JavaScript warning: https://wax.bloks.io/js/signing.afd30330.js, line 0: Successfully compiled asm.js code (total compilation time 45ms)
JavaScript warning: https://wax.bloks.io/js/signing.afd30330.js, line 0: Successfully compiled asm.js code (total compilation time 527ms)
JavaScript error: https://wax.bloks.io/js/signing.afd30330.js, line 13: Error: Login Endpoint Error 422 Unprocessable Entity
1624998031458	geckodriver	INFO	Listening on 127.0.0.1:53490
1624998040876	mozrunner::runner	INFO	Running command: "C:\\Program Files\\Mozilla Firefox\\firefox.exe" "--marionette" "-headless" "-foreground" "-no-remote" "-profile" "C:\\Users\\thede\\AppData\\Local\\Temp\\rust_mozprofileXN7Q2l"
*** You are running in headless mode.
1624998041197	Marionette	INFO	Marionette enabled
console.log: WebExtensions: reset-default-search: starting.
console.log: WebExtensions: reset-default-search: has already ran once and saw panel, exit.
1624998043060	Marionette	INFO	Listening on port 59529
console.log: WebExtensions: reset-default-search: starting.
console.log: WebExtensions: reset-default-search: has already ran once and saw panel, exit.
1624998043597	Marionette	WARN	TLS certificate errors will be ignored for this session
JavaScript error: https://wax.bloks.io/js/chunk-vendors.aeb88ff6.js, line 38: NavigationDuplicated: Avoided redundant navigation to current location: "/account/atomicmarket".
JavaScript error: resource://gre/modules/XULStore.jsm, line 66: Error: Can't find profile directory.
JavaScript error: resource://gre/modules/XULStore.jsm, line 66: Error: Can't find profile directory.
JavaScript error: , line 0: TypeError: NetworkError when attempting to fetch resource.
JavaScript warning: https://pagead2.googlesyndication.com/bg/XJNuD862gf4f0nvPPAbjPwJNpey2j9-BZmGDGqAPjUA.js line 1 > eval line 1752 > eval line 1 > eval, line 1: Failed to create WebGL context: WebGL creation failed: 
* Can't use WebGL in headless mode (https://bugzil.la/1375585). ()
JavaScript warning: https://wax.bloks.io/js/signing.afd30330.js, line 0: Successfully compiled asm.js code (total compilation time 2ms)
JavaScript warning: https://wax.bloks.io/js/signing.afd30330.js, line 0: Successfully compiled asm.js code (total compilation time 9ms)
JavaScript warning: https://wax.bloks.io/js/signing.afd30330.js, line 0: Successfully compiled asm.js code (total compilation time 5ms)
JavaScript warning: https://wax.bloks.io/js/signing.afd30330.js, line 0: Successfully compiled asm.js code (total compilation time 43ms)
JavaScript warning: https://wax.bloks.io/js/signing.afd30330.js, line 0: Successfully compiled asm.js code (total compilation time 546ms)
JavaScript error: https://wax.bloks.io/js/signing.afd30330.js, line 13: Error: Login Endpoint Error 422 Unprocessable Entity
Exiting due to channel error.
Exiting due to channel error.
1625211740877	geckodriver	INFO	Listening on 127.0.0.1:65218
1625211750745	mozrunner::runner	INFO	Running command: "C:\\Program Files\\Mozilla Firefox\\firefox.exe" "--marionette" "-foreground" "-no-remote" "-profile" "C:\\Users\\thede\\AppData\\Local\\Temp\\rust_mozprofileMtSpbK"
1625211751485	Marionette	INFO	Marionette enabled
console.log: WebExtensions: reset-default-search: starting.
console.log: WebExtensions: reset-default-search: has already ran once and saw panel, exit.
1625211753612	Marionette	INFO	Listening on port 59254
console.log: WebExtensions: reset-default-search: starting.
console.log: WebExtensions: reset-default-search: has already ran once and saw panel, exit.
1625211753945	Marionette	WARN	TLS certificate errors will be ignored for this session
JavaScript error: https://wax.bloks.io/js/chunk-vendors.aeb88ff6.js, line 38: NavigationDuplicated: Avoided redundant navigation to current location: "/account/atomicmarket".
JavaScript error: resource://gre/modules/XULStore.jsm, line 66: Error: Can't find profile directory.
JavaScript error: resource://gre/modules/XULStore.jsm, line 66: Error: Can't find profile directory.
JavaScript error: , line 0: TypeError: NetworkError when attempting to fetch resource.
JavaScript warning: https://wax.bloks.io/js/signing.afd30330.js, line 0: Successfully compiled asm.js code (total compilation time 2ms)
JavaScript warning: https://wax.bloks.io/js/signing.afd30330.js, line 0: Successfully compiled asm.js code (total compilation time 12ms)
JavaScript warning: https://wax.bloks.io/js/signing.afd30330.js, line 0: Successfully compiled asm.js code (total compilation time 4ms)
JavaScript warning: https://wax.bloks.io/js/signing.afd30330.js, line 0: Successfully compiled asm.js code (total compilation time 54ms)
JavaScript warning: https://wax.bloks.io/js/signing.afd30330.js, line 0: Successfully compiled asm.js code (total compilation time 510ms)
JavaScript error: https://wax.bloks.io/js/signing.afd30330.js, line 13: Error: Login Endpoint Error 422 Unprocessable Entity

###!!! [Child][RunMessage] Error: Channel closing: too late to send/recv, messages will be lost

1625211794669	Marionette	INFO	Stopped listening on port 59254

###!!! [Parent][RunMessage] Error: Channel closing: too late to send/recv, messages will be lost

1625212022267	geckodriver	INFO	Listening on 127.0.0.1:54106
1625212035821	geckodriver	INFO	Listening on 127.0.0.1:61541
1625212044222	mozrunner::runner	INFO	Running command: "C:\\Program Files\\Mozilla Firefox\\firefox.exe" "--marionette" "-foreground" "-no-remote" "-profile" "C:\\Users\\thede\\AppData\\Local\\Temp\\rust_mozprofilexkvsqC"
1625212044577	Marionette	INFO	Marionette enabled
console.log: WebExtensions: reset-default-search: starting.
console.log: WebExtensions: reset-default-search: has already ran once and saw panel, exit.
1625212046833	Marionette	INFO	Listening on port 56508
1625212046937	Marionette	WARN	TLS certificate errors will be ignored for this session
console.log: WebExtensions: reset-default-search: starting.
console.log: WebExtensions: reset-default-search: has already ran once and saw panel, exit.
JavaScript error: https://wax.bloks.io/js/chunk-vendors.aeb88ff6.js, line 38: NavigationDuplicated: Avoided redundant navigation to current location: "/account/atomicmarket".
JavaScript error: resource://gre/modules/XULStore.jsm, line 66: Error: Can't find profile directory.
JavaScript error: resource://gre/modules/XULStore.jsm, line 66: Error: Can't find profile directory.
JavaScript error: , line 0: TypeError: NetworkError when attempting to fetch resource.
JavaScript warning: https://wax.bloks.io/js/signing.afd30330.js, line 0: Successfully compiled asm.js code (total compilation time 1ms)
JavaScript warning: https://wax.bloks.io/js/signing.afd30330.js, line 0: Successfully compiled asm.js code (total compilation time 12ms)
JavaScript warning: https://wax.bloks.io/js/signing.afd30330.js, line 0: Successfully compiled asm.js code (total compilation time 4ms)
JavaScript warning: https://wax.bloks.io/js/signing.afd30330.js, line 0: Successfully compiled asm.js code (total compilation time 50ms)
JavaScript warning: https://wax.bloks.io/js/signing.afd30330.js, line 0: Successfully compiled asm.js code (total compilation time 488ms)
JavaScript error: https://wax.bloks.io/js/signing.afd30330.js, line 13: Error: Login Endpoint Error 422 Unprocessable Entity
[Child 12392, IPC I/O Child] WARNING: pipe error: 232: file /builds/worker/checkouts/gecko/ipc/chromium/src/chrome/common/ipc_channel_win.cc:544
1625212081805	Marionette	INFO	Stopped listening on port 56508
